[1024/084412.288:ERROR:process_info.cc(329)] VirtualQueryEx: Odmowa dostêpu. (0x5)
[1024/084412.289:ERROR:process_info.cc(556)] ReadMemoryInfo failed
[1024/084412.289:ERROR:process_memory_win.cc(39)] Failed to initialize ProcessInfo.
[1024/084412.289:ERROR:scoped_process_suspend.cc(40)] NtResumeProcess: Podjêto próbê uzyskania dostêpu do procesu koñcz¹cego dzia³anie. (0xc000010a)
[1030/155123.624:ERROR:directory_reader_win.cc(43)] FindFirstFile: System nie mo¿e odnaleŸæ okreœlonej œcie¿ki. (0x3)
[1030/162919.957:ERROR:directory_reader_win.cc(43)] FindFirstFile: System nie mo¿e odnaleŸæ okreœlonej œcie¿ki. (0x3)
[1030/170244.078:ERROR:directory_reader_win.cc(43)] FindFirstFile: System nie mo¿e odnaleŸæ okreœlonej œcie¿ki. (0x3)
[1031/110535.233:ERROR:directory_reader_win.cc(43)] FindFirstFile: System nie mo¿e odnaleŸæ okreœlonej œcie¿ki. (0x3)
[1102/100125.408:ERROR:directory_reader_win.cc(43)] FindFirstFile: System nie mo¿e odnaleŸæ okreœlonej œcie¿ki. (0x3)
[1102/102308.325:ERROR:directory_reader_win.cc(43)] FindFirstFile: System nie mo¿e odnaleŸæ okreœlonej œcie¿ki. (0x3)
[1102/104452.413:ERROR:directory_reader_win.cc(43)] FindFirstFile: System nie mo¿e odnaleŸæ okreœlonej œcie¿ki. (0x3)
[1102/105637.456:ERROR:directory_reader_win.cc(43)] FindFirstFile: System nie mo¿e odnaleŸæ okreœlonej œcie¿ki. (0x3)
[1102/112741.653:ERROR:process_info.cc(329)] VirtualQueryEx: Odmowa dostêpu. (0x5)
[1102/112741.654:ERROR:process_info.cc(556)] ReadMemoryInfo failed
[1102/112741.654:ERROR:process_memory_win.cc(39)] Failed to initialize ProcessInfo.
[1102/112741.654:ERROR:scoped_process_suspend.cc(40)] NtResumeProcess: Podjêto próbê uzyskania dostêpu do procesu koñcz¹cego dzia³anie. (0xc000010a)
[1102/151718.823:ERROR:directory_reader_win.cc(43)] FindFirstFile: System nie mo¿e odnaleŸæ okreœlonej œcie¿ki. (0x3)
[1102/162757.382:ERROR:scoped_process_suspend.cc(31)] NtSuspendProcess: Podjêto próbê uzyskania dostêpu do procesu koñcz¹cego dzia³anie. (0xc000010a)
[1102/162758.030:ERROR:process_info.cc(118)] ReadProcessMemory bool __cdecl crashpad::(anonymous namespace)::ReadStruct(HANDLE, crashpad::WinVMAddress, T *) [T = crashpad::process_types::PEB<crashpad::process_types::internal::Traits64>]: Ukoñczono tylko czêœæ ¿¹dania ReadProcessMemory lub WriteProcessMemory. (0x12B)
[1102/162758.072:ERROR:process_info.cc(551)] ReadProcessData failed
[1102/164107.900:ERROR:directory_reader_win.cc(43)] FindFirstFile: System nie mo¿e odnaleŸæ okreœlonej œcie¿ki. (0x3)
[1102/170110.552:ERROR:directory_reader_win.cc(43)] FindFirstFile: System nie mo¿e odnaleŸæ okreœlonej œcie¿ki. (0x3)
[1103/141002.061:ERROR:directory_reader_win.cc(43)] FindFirstFile: System nie mo¿e odnaleŸæ okreœlonej œcie¿ki. (0x3)
[1104/073025.272:ERROR:directory_reader_win.cc(43)] FindFirstFile: System nie mo¿e odnaleŸæ okreœlonej œcie¿ki. (0x3)
[1104/115943.073:ERROR:scoped_process_suspend.cc(31)] NtSuspendProcess: Podjêto próbê uzyskania dostêpu do procesu koñcz¹cego dzia³anie. (0xc000010a)
[1104/115943.882:ERROR:process_info.cc(118)] ReadProcessMemory bool __cdecl crashpad::(anonymous namespace)::ReadStruct(HANDLE, crashpad::WinVMAddress, T *) [T = crashpad::process_types::PEB<crashpad::process_types::internal::Traits64>]: Ukoñczono tylko czêœæ ¿¹dania ReadProcessMemory lub WriteProcessMemory. (0x12B)
[1104/115943.882:ERROR:process_info.cc(551)] ReadProcessData failed
[1104/125132.647:ERROR:process_info.cc(329)] VirtualQueryEx: Odmowa dostêpu. (0x5)
[1104/125132.737:ERROR:process_info.cc(556)] ReadMemoryInfo failed
[1104/125132.737:ERROR:process_memory_win.cc(39)] Failed to initialize ProcessInfo.
[1104/125132.737:ERROR:scoped_process_suspend.cc(40)] NtResumeProcess: Podjêto próbê uzyskania dostêpu do procesu koñcz¹cego dzia³anie. (0xc000010a)
